# JRE version: OpenJDK Runtime Environment Temurin-17.0.16+8 (17.0.16+8) (build 17.0.16+8)
# Java VM: OpenJDK 64-Bit Server VM Temurin-17.0.16+8 (17.0.16+8, mixed mode, sharing, tiered, compressed oops, compressed class ptrs, g1 gc, windows-amd64)
GC Precious Log:
 CPUs: 12 total, 12 available
 Memory: 15599M
 Large Page Support: Disabled
 NUMA Support: Disabled
 Compressed Oops: Enabled (Zero based)
 Heap Region Size: 2M
 Heap Min Capacity: 8M
 Heap Initial Capacity: 244M
 Heap Max Capacity: 3900M
 Pre-touch: Disabled
 Parallel Workers: 10
 Concurrent Workers: 3
 Concurrent Refinement Workers: 10
 Periodic GC: Disabled
Heap:
 garbage-first heap   total 249856K, used 114590K [0x000000070c400000, 0x0000000800000000)
  region size 2048K, 1 young (2048K), 1 survivors (2048K)
 Metaspace       used 78397K, committed 78848K, reserved 1179648K
  class space    used 8595K, committed 8768K, reserved 1048576K
GC Heap History (20 events):
Event: 4.805 GC heap after
{Heap after GC invocations=15 (full 0):
 garbage-first heap   total 157696K, used 72092K [0x000000070c400000, 0x0000000800000000)
  region size 2048K, 4 young (8192K), 4 survivors (8192K)
 Metaspace       used 52834K, committed 53184K, reserved 1114112K
  class space    used 6335K, committed 6528K, reserved 1048576K
}
Event: 5.678 GC heap before
{Heap before GC invocations=15 (full 0):
 garbage-first heap   total 157696K, used 113052K [0x000000070c400000, 0x0000000800000000)
  region size 2048K, 24 young (49152K), 4 survivors (8192K)
 Metaspace       used 58206K, committed 58560K, reserved 1114112K
  class space    used 6923K, committed 7104K, reserved 1048576K
}
Event: 5.692 GC heap after
{Heap after GC invocations=16 (full 0):
 garbage-first heap   total 157696K, used 77108K [0x000000070c400000, 0x0000000800000000)
  region size 2048K, 3 young (6144K), 3 survivors (6144K)
 Metaspace       used 58206K, committed 58560K, reserved 1114112K
  class space    used 6923K, committed 7104K, reserved 1048576K
}
Event: 6.260 GC heap before
{Heap before GC invocations=16 (full 0):
 garbage-first heap   total 157696K, used 118068K [0x000000070c400000, 0x0000000800000000)
  region size 2048K, 23 young (47104K), 3 survivors (6144K)
 Metaspace       used 59537K, committed 59904K, reserved 1114112K
  class space    used 7012K, committed 7168K, reserved 1048576K
}
Event: 6.277 GC heap after
{Heap after GC invocations=17 (full 0):
 garbage-first heap   total 190464K, used 86933K [0x000000070c400000, 0x0000000800000000)
  region size 2048K, 3 young (6144K), 3 survivors (6144K)
 Metaspace       used 59537K, committed 59904K, reserved 1114112K
  class space    used 7012K, committed 7168K, reserved 1048576K
}
Event: 7.121 GC heap before
{Heap before GC invocations=18 (full 0):
 garbage-first heap   total 190464K, used 138133K [0x000000070c400000, 0x0000000800000000)
  region size 2048K, 28 young (57344K), 3 survivors (6144K)
 Metaspace       used 60667K, committed 61056K, reserved 1114112K
  class space    used 7049K, committed 7232K, reserved 1048576K
}
Event: 7.138 GC heap after
{Heap after GC invocations=19 (full 0):
 garbage-first heap   total 190464K, used 96200K [0x000000070c400000, 0x0000000800000000)
  region size 2048K, 4 young (8192K), 4 survivors (8192K)
 Metaspace       used 60667K, committed 61056K, reserved 1114112K
  class space    used 7049K, committed 7232K, reserved 1048576K
}
Event: 7.174 GC heap before
{Heap before GC invocations=19 (full 0):
 garbage-first heap   total 190464K, used 98248K [0x000000070c400000, 0x0000000800000000)
  region size 2048K, 5 young (10240K), 4 survivors (8192K)
 Metaspace       used 60711K, committed 61120K, reserved 1114112K
  class space    used 7050K, committed 7232K, reserved 1048576K
}
Event: 7.183 GC heap after
{Heap after GC invocations=20 (full 0):
 garbage-first heap   total 190464K, used 97043K [0x000000070c400000, 0x0000000800000000)
  region size 2048K, 1 young (2048K), 1 survivors (2048K)
 Metaspace       used 60711K, committed 61120K, reserved 1114112K
  class space    used 7050K, committed 7232K, reserved 1048576K
}
Event: 8.029 GC heap before
{Heap before GC invocations=20 (full 0):
 garbage-first heap   total 190464K, used 144147K [0x000000070c400000, 0x0000000800000000)
  region size 2048K, 24 young (49152K), 1 survivors (2048K)
 Metaspace       used 61632K, committed 62080K, reserved 1114112K
  class space    used 7090K, committed 7296K, reserved 1048576K
}
Event: 8.039 GC heap after
{Heap after GC invocations=21 (full 0):
 garbage-first heap   total 190464K, used 101692K [0x000000070c400000, 0x0000000800000000)
  region size 2048K, 3 young (6144K), 3 survivors (6144K)
 Metaspace       used 61632K, committed 62080K, reserved 1114112K
  class space    used 7090K, committed 7296K, reserved 1048576K
}
Event: 9.359 GC heap before
{Heap before GC invocations=22 (full 0):
 garbage-first heap   total 190464K, used 146748K [0x000000070c400000, 0x0000000800000000)
  region size 2048K, 25 young (51200K), 3 survivors (6144K)
 Metaspace       used 64801K, committed 65216K, reserved 1114112K
  class space    used 7293K, committed 7488K, reserved 1048576K
}
Event: 9.368 GC heap after
{Heap after GC invocations=23 (full 0):
 garbage-first heap   total 190464K, used 104896K [0x000000070c400000, 0x0000000800000000)
  region size 2048K, 2 young (4096K), 2 survivors (4096K)
 Metaspace       used 64801K, committed 65216K, reserved 1114112K
  class space    used 7293K, committed 7488K, reserved 1048576K
}
Event: 9.405 GC heap before
{Heap before GC invocations=23 (full 0):
 garbage-first heap   total 190464K, used 108992K [0x000000070c400000, 0x0000000800000000)
  region size 2048K, 4 young (8192K), 2 survivors (4096K)
 Metaspace       used 64850K, committed 65280K, reserved 1114112K
  class space    used 7293K, committed 7488K, reserved 1048576K
}
Event: 9.411 GC heap after
{Heap after GC invocations=24 (full 0):
 garbage-first heap   total 190464K, used 105089K [0x000000070c400000, 0x0000000800000000)
  region size 2048K, 1 young (2048K), 1 survivors (2048K)
 Metaspace       used 64850K, committed 65280K, reserved 1114112K
  class space    used 7293K, committed 7488K, reserved 1048576K
}
Event: 10.410 GC heap before
{Heap before GC invocations=24 (full 0):
 garbage-first heap   total 190464K, used 148097K [0x000000070c400000, 0x0000000800000000)
  region size 2048K, 23 young (47104K), 1 survivors (2048K)
 Metaspace       used 71850K, committed 72256K, reserved 1114112K
  class space    used 7929K, committed 8128K, reserved 1048576K
}
Event: 10.419 GC heap after
{Heap after GC invocations=25 (full 0):
 garbage-first heap   total 190464K, used 110592K [0x000000070c400000, 0x0000000800000000)
  region size 2048K, 3 young (6144K), 3 survivors (6144K)
 Metaspace       used 71850K, committed 72256K, reserved 1114112K
  class space    used 7929K, committed 8128K, reserved 1048576K
}
Event: 11.269 GC heap before
{Heap before GC invocations=26 (full 0):
 garbage-first heap   total 192512K, used 151552K [0x000000070c400000, 0x0000000800000000)
  region size 2048K, 23 young (47104K), 3 survivors (6144K)
 Metaspace       used 77392K, committed 77760K, reserved 1179648K
  class space    used 8455K, committed 8640K, reserved 1048576K
}
Event: 11.279 GC heap after
{Heap after GC invocations=27 (full 0):
 garbage-first heap   total 192512K, used 114459K [0x000000070c400000, 0x0000000800000000)
  region size 2048K, 2 young (4096K), 2 survivors (4096K)
 Metaspace       used 77392K, committed 77760K, reserved 1179648K
  class space    used 8455K, committed 8640K, reserved 1048576K
}
Event: 11.420 GC heap before
{Heap before GC invocations=27 (full 0):
 garbage-first heap   total 192512K, used 118555K [0x000000070c400000, 0x0000000800000000)
  region size 2048K, 4 young (8192K), 2 survivors (4096K)
 Metaspace       used 78397K, committed 78848K, reserved 1179648K
  class space    used 8595K, committed 8768K, reserved 1048576K
}

