# JRE version: OpenJDK Runtime Environment Temurin-17.0.16+8 (17.0.16+8) (build 17.0.16+8)
# Java VM: OpenJDK 64-Bit Server VM Temurin-17.0.16+8 (17.0.16+8, mixed mode, sharing, tiered, compressed oops, compressed class ptrs, g1 gc, windows-amd64)
GC Precious Log:
 CPUs: 12 total, 12 available
 Memory: 15599M
 Large Page Support: Disabled
 NUMA Support: Disabled
 Compressed Oops: Enabled (Zero based)
 Heap Region Size: 4M
 Heap Min Capacity: 8M
 Heap Initial Capacity: 244M
 Heap Max Capacity: 8G
 Pre-touch: Disabled
 Parallel Workers: 10
 Concurrent Workers: 3
 Concurrent Refinement Workers: 10
 Periodic GC: Disabled
Heap:
 garbage-first heap   total 122880K, used 77767K [0x0000000600000000, 0x0000000800000000)
  region size 4096K, 5 young (20480K), 2 survivors (8192K)
 Metaspace       used 74276K, committed 75328K, reserved 1114112K
  class space    used 10758K, committed 11264K, reserved 1048576K
GC Heap History (20 events):
Event: 11.974 GC heap before
{Heap before GC invocations=15 (full 0):
 garbage-first heap   total 118784K, used 93493K [0x0000000600000000, 0x0000000800000000)
  region size 4096K, 14 young (57344K), 2 survivors (8192K)
 Metaspace       used 51642K, committed 52416K, reserved 1114112K
  class space    used 7496K, committed 7872K, reserved 1048576K
}
Event: 11.980 GC heap after
{Heap after GC invocations=16 (full 0):
 garbage-first heap   total 118784K, used 46812K [0x0000000600000000, 0x0000000800000000)
  region size 4096K, 2 young (8192K), 2 survivors (8192K)
 Metaspace       used 51642K, committed 52416K, reserved 1114112K
  class space    used 7496K, committed 7872K, reserved 1048576K
}
Event: 12.503 GC heap before
{Heap before GC invocations=16 (full 0):
 garbage-first heap   total 118784K, used 87772K [0x0000000600000000, 0x0000000800000000)
  region size 4096K, 13 young (53248K), 2 survivors (8192K)
 Metaspace       used 55512K, committed 56256K, reserved 1114112K
  class space    used 8017K, committed 8384K, reserved 1048576K
}
Event: 12.507 GC heap after
{Heap after GC invocations=17 (full 0):
 garbage-first heap   total 118784K, used 51433K [0x0000000600000000, 0x0000000800000000)
  region size 4096K, 2 young (8192K), 2 survivors (8192K)
 Metaspace       used 55512K, committed 56256K, reserved 1114112K
  class space    used 8017K, committed 8384K, reserved 1048576K
}
Event: 13.141 GC heap before
{Heap before GC invocations=17 (full 0):
 garbage-first heap   total 118784K, used 92393K [0x0000000600000000, 0x0000000800000000)
  region size 4096K, 12 young (49152K), 2 survivors (8192K)
 Metaspace       used 59269K, committed 60160K, reserved 1114112K
  class space    used 8519K, committed 8960K, reserved 1048576K
}
Event: 13.145 GC heap after
{Heap after GC invocations=18 (full 0):
 garbage-first heap   total 118784K, used 53566K [0x0000000600000000, 0x0000000800000000)
  region size 4096K, 1 young (4096K), 1 survivors (4096K)
 Metaspace       used 59269K, committed 60160K, reserved 1114112K
  class space    used 8519K, committed 8960K, reserved 1048576K
}
Event: 13.158 GC heap before
{Heap before GC invocations=18 (full 0):
 garbage-first heap   total 118784K, used 53566K [0x0000000600000000, 0x0000000800000000)
  region size 4096K, 2 young (8192K), 1 survivors (4096K)
 Metaspace       used 59320K, committed 60160K, reserved 1114112K
  class space    used 8528K, committed 8960K, reserved 1048576K
}
Event: 13.161 GC heap after
{Heap after GC invocations=19 (full 0):
 garbage-first heap   total 118784K, used 53464K [0x0000000600000000, 0x0000000800000000)
  region size 4096K, 1 young (4096K), 1 survivors (4096K)
 Metaspace       used 59320K, committed 60160K, reserved 1114112K
  class space    used 8528K, committed 8960K, reserved 1048576K
}
Event: 13.663 GC heap before
{Heap before GC invocations=20 (full 0):
 garbage-first heap   total 118784K, used 94424K [0x0000000600000000, 0x0000000800000000)
  region size 4096K, 11 young (45056K), 1 survivors (4096K)
 Metaspace       used 61782K, committed 62656K, reserved 1114112K
  class space    used 8879K, committed 9280K, reserved 1048576K
}
Event: 13.665 GC heap after
{Heap after GC invocations=21 (full 0):
 garbage-first heap   total 118784K, used 54336K [0x0000000600000000, 0x0000000800000000)
  region size 4096K, 1 young (4096K), 1 survivors (4096K)
 Metaspace       used 61782K, committed 62656K, reserved 1114112K
  class space    used 8879K, committed 9280K, reserved 1048576K
}
Event: 14.297 GC heap before
{Heap before GC invocations=21 (full 0):
 garbage-first heap   total 118784K, used 95296K [0x0000000600000000, 0x0000000800000000)
  region size 4096K, 11 young (45056K), 1 survivors (4096K)
 Metaspace       used 64191K, committed 65088K, reserved 1114112K
  class space    used 9237K, committed 9664K, reserved 1048576K
}
Event: 14.301 GC heap after
{Heap after GC invocations=22 (full 0):
 garbage-first heap   total 118784K, used 56843K [0x0000000600000000, 0x0000000800000000)
  region size 4096K, 2 young (8192K), 2 survivors (8192K)
 Metaspace       used 64191K, committed 65088K, reserved 1114112K
  class space    used 9237K, committed 9664K, reserved 1048576K
}
Event: 14.849 GC heap before
{Heap before GC invocations=22 (full 0):
 garbage-first heap   total 118784K, used 93707K [0x0000000600000000, 0x0000000800000000)
  region size 4096K, 11 young (45056K), 2 survivors (8192K)
 Metaspace       used 66188K, committed 67072K, reserved 1114112K
  class space    used 9516K, committed 9920K, reserved 1048576K
}
Event: 14.853 GC heap after
{Heap after GC invocations=23 (full 0):
 garbage-first heap   total 118784K, used 59714K [0x0000000600000000, 0x0000000800000000)
  region size 4096K, 2 young (8192K), 2 survivors (8192K)
 Metaspace       used 66188K, committed 67072K, reserved 1114112K
  class space    used 9516K, committed 9920K, reserved 1048576K
}
Event: 15.510 GC heap before
{Heap before GC invocations=23 (full 0):
 garbage-first heap   total 118784K, used 96578K [0x0000000600000000, 0x0000000800000000)
  region size 4096K, 11 young (45056K), 2 survivors (8192K)
 Metaspace       used 68887K, committed 69824K, reserved 1114112K
  class space    used 10003K, committed 10432K, reserved 1048576K
}
Event: 15.518 GC heap after
{Heap after GC invocations=24 (full 0):
 garbage-first heap   total 118784K, used 62671K [0x0000000600000000, 0x0000000800000000)
  region size 4096K, 2 young (8192K), 2 survivors (8192K)
 Metaspace       used 68887K, committed 69824K, reserved 1114112K
  class space    used 10003K, committed 10432K, reserved 1048576K
}
Event: 16.190 GC heap before
{Heap before GC invocations=24 (full 0):
 garbage-first heap   total 118784K, used 95439K [0x0000000600000000, 0x0000000800000000)
  region size 4096K, 10 young (40960K), 2 survivors (8192K)
 Metaspace       used 70288K, committed 71232K, reserved 1114112K
  class space    used 10209K, committed 10624K, reserved 1048576K
}
Event: 16.196 GC heap after
{Heap after GC invocations=25 (full 0):
 garbage-first heap   total 118784K, used 66116K [0x0000000600000000, 0x0000000800000000)
  region size 4096K, 2 young (8192K), 2 survivors (8192K)
 Metaspace       used 70288K, committed 71232K, reserved 1114112K
  class space    used 10209K, committed 10624K, reserved 1048576K
}
Event: 16.522 GC heap before
{Heap before GC invocations=26 (full 0):
 garbage-first heap   total 122880K, used 94788K [0x0000000600000000, 0x0000000800000000)
  region size 4096K, 9 young (36864K), 2 survivors (8192K)
 Metaspace       used 72607K, committed 73536K, reserved 1114112K
  class space    used 10494K, committed 10944K, reserved 1048576K
}
Event: 16.527 GC heap after
{Heap after GC invocations=27 (full 0):
 garbage-first heap   total 122880K, used 69575K [0x0000000600000000, 0x0000000800000000)
  region size 4096K, 2 young (8192K), 2 survivors (8192K)
 Metaspace       used 72607K, committed 73536K, reserved 1114112K
  class space    used 10494K, committed 10944K, reserved 1048576K
}

